{"timestamp": "03/07/2026 06:00:56 PM", "level": "INFO", "logger": "root", "message": "Config is not complete yet. Web UI is available; media-server playback listener will not start."}
{"timestamp": "03/07/2026 06:00:56 PM", "level": "INFO", "logger": "root", "message": "Starting FastAPI server on http://0.0.0.0:8090"}
{"timestamp": "03/07/2026 06:03:14 PM", "level": "INFO", "logger": "root", "message": "Emby websocket init"}
{"timestamp": "03/07/2026 06:03:14 PM", "level": "INFO", "logger": "root", "message": "Playback listener thread: starting"}
{"timestamp": "03/07/2026 06:03:14 PM", "level": "INFO", "logger": "root", "message": "EmbySession started"}
{"timestamp": "03/07/2026 06:03:14 PM", "level": "INFO", "logger": "root", "message": "Emby WebSocket client initialized"}
{"timestamp": "03/07/2026 06:03:14 PM", "level": "INFO", "logger": "root", "message": "Emby WebSocket connection opened"}
{"timestamp": "03/07/2026 06:03:14 PM", "level": "INFO", "logger": "root", "message": "Emby session monitor reset on reconnect"}
{"timestamp": "03/07/2026 06:03:14 PM", "level": "INFO", "logger": "root", "message": "Emby websocket message: Sessions | playstate=Free | sessions=3"}
{"timestamp": "03/07/2026 06:03:14 PM", "level": "WARNING", "logger": "home_cinema_control.network.http", "message": "HTTP response failed | client=emby | method=GET | url=http://172.16.10.102:8096/emby/Devices? | status=403 | request={'headers': {'Accept-encoding': 'gzip', 'Accept-Charset': 'UTF-8,*', 'X-Emby-Authorization': '***', 'X-Emby-Token': 'bfa91ff436c34c9b970f477258c38cdb'}, 'timeout': (5, 8)} | body=User kodi does not have access to ManageServer feature."}
{"timestamp": "03/07/2026 06:03:14 PM", "level": "ERROR", "logger": "root", "message": "Error loading Emby control devices\nTraceback (most recent call last):\n  File \"/opt/venv/lib/python3.14/site-packages/requests/models.py\", line 1116, in json\n    return complexjson.loads(self.text, **kwargs)\n           ~~~~~~~~~~~~~~~~~^^^^^^^^^^^^^^^^^^^^^\n  File \"/usr/local/lib/python3.14/json/__init__.py\", line 352, in loads\n    return _default_decoder.decode(s)\n           ~~~~~~~~~~~~~~~~~~~~~~~^^^\n  File \"/usr/local/lib/python3.14/json/decoder.py\", line 345, in decode\n    obj, end = self.raw_decode(s, idx=_w(s, 0).end())\n               ~~~~~~~~~~~~~~~^^^^^^^^^^^^^^^^^^^^^^^\n  File \"/usr/local/lib/python3.14/json/decoder.py\", line 363, in raw_decode\n    raise JSONDecodeError(\"Expecting value\", s, err.value) from None\njson.decoder.JSONDecodeError: Expecting value: line 1 column 1 (char 0)\n\nDuring handling of the above exception, another exception occurred:\n\nTraceback (most recent call last):\n  File \"/opt/venv/lib/python3.14/site-packages/home_cinema_control/media_servers/emby/web_config.py\", line 44, in load_devices\n    devices = client.get_devices()\n  File \"/opt/venv/lib/python3.14/site-packages/home_cinema_control/media_servers/emby/client.py\", line 154, in get_devices\n    return self.get_json(\"/emby/Devices?\")\n           ~~~~~~~~~~~~~^^^^^^^^^^^^^^^^^^\n  File \"/opt/venv/lib/python3.14/site-packages/home_cinema_control/media_servers/emby/client.py\", line 183, in get_json\n    return response.json()\n           ~~~~~~~~~~~~~^^\n  File \"/opt/venv/lib/python3.14/site-packages/requests/models.py\", line 1120, in json\n    raise RequestsJSONDecodeError(e.msg, e.doc, e.pos)\nrequests.exceptions.JSONDecodeError: Expecting value: line 1 column 1 (char 0)"}
{"timestamp": "03/07/2026 06:03:49 PM", "level": "WARNING", "logger": "home_cinema_control.network.http", "message": "HTTP response failed | client=emby | method=GET | url=http://172.16.10.102:8096/emby/Devices? | status=403 | request={'headers': {'Accept-encoding': 'gzip', 'Accept-Charset': 'UTF-8,*', 'X-Emby-Authorization': '***', 'X-Emby-Token': 'bfa91ff436c34c9b970f477258c38cdb'}, 'timeout': (5, 8)} | body=User kodi does not have access to ManageServer feature."}
{"timestamp": "03/07/2026 06:03:49 PM", "level": "ERROR", "logger": "root", "message": "Error loading Emby control devices\nTraceback (most recent call last):\n  File \"/opt/venv/lib/python3.14/site-packages/requests/models.py\", line 1116, in json\n    return complexjson.loads(self.text, **kwargs)\n           ~~~~~~~~~~~~~~~~~^^^^^^^^^^^^^^^^^^^^^\n  File \"/usr/local/lib/python3.14/json/__init__.py\", line 352, in loads\n    return _default_decoder.decode(s)\n           ~~~~~~~~~~~~~~~~~~~~~~~^^^\n  File \"/usr/local/lib/python3.14/json/decoder.py\", line 345, in decode\n    obj, end = self.raw_decode(s, idx=_w(s, 0).end())\n               ~~~~~~~~~~~~~~~^^^^^^^^^^^^^^^^^^^^^^^\n  File \"/usr/local/lib/python3.14/json/decoder.py\", line 363, in raw_decode\n    raise JSONDecodeError(\"Expecting value\", s, err.value) from None\njson.decoder.JSONDecodeError: Expecting value: line 1 column 1 (char 0)\n\nDuring handling of the above exception, another exception occurred:\n\nTraceback (most recent call last):\n  File \"/opt/venv/lib/python3.14/site-packages/home_cinema_control/media_servers/emby/web_config.py\", line 44, in load_devices\n    devices = client.get_devices()\n  File \"/opt/venv/lib/python3.14/site-packages/home_cinema_control/media_servers/emby/client.py\", line 154, in get_devices\n    return self.get_json(\"/emby/Devices?\")\n           ~~~~~~~~~~~~~^^^^^^^^^^^^^^^^^^\n  File \"/opt/venv/lib/python3.14/site-packages/home_cinema_control/media_servers/emby/client.py\", line 183, in get_json\n    return response.json()\n           ~~~~~~~~~~~~~^^\n  File \"/opt/venv/lib/python3.14/site-packages/requests/models.py\", line 1120, in json\n    raise RequestsJSONDecodeError(e.msg, e.doc, e.pos)\nrequests.exceptions.JSONDecodeError: Expecting value: line 1 column 1 (char 0)"}
{"timestamp": "03/07/2026 06:06:03 PM", "level": "INFO", "logger": "root", "message": "Emby websocket message: Sessions | playstate=Free | sessions=3"}
{"timestamp": "03/07/2026 06:06:03 PM", "level": "INFO", "logger": "root", "message": "Emby websocket message: Sessions | playstate=Free | sessions=3"}
{"timestamp": "03/07/2026 06:06:03 PM", "level": "INFO", "logger": "root", "message": "Emby websocket stop"}
{"timestamp": "03/07/2026 06:06:03 PM", "level": "INFO", "logger": "root", "message": "Emby WebSocket connection closed | status=None | msg=None"}
{"timestamp": "03/07/2026 06:06:03 PM", "level": "INFO", "logger": "root", "message": "Emby session monitor reset on reconnect"}
{"timestamp": "03/07/2026 06:06:03 PM", "level": "INFO", "logger": "root", "message": "Emby WebSocket client stopped"}
{"timestamp": "03/07/2026 06:06:03 PM", "level": "INFO", "logger": "root", "message": "Playback listener thread: finished"}
{"timestamp": "03/07/2026 06:06:03 PM", "level": "INFO", "logger": "root", "message": "Emby websocket init"}
{"timestamp": "03/07/2026 06:06:03 PM", "level": "INFO", "logger": "root", "message": "Playback listener thread: starting"}
{"timestamp": "03/07/2026 06:06:03 PM", "level": "INFO", "logger": "root", "message": "EmbySession started"}
{"timestamp": "03/07/2026 06:06:03 PM", "level": "INFO", "logger": "root", "message": "Emby WebSocket client initialized"}
{"timestamp": "03/07/2026 06:06:03 PM", "level": "INFO", "logger": "root", "message": "Emby WebSocket connection opened"}
{"timestamp": "03/07/2026 06:06:03 PM", "level": "INFO", "logger": "root", "message": "Emby session monitor reset on reconnect"}
{"timestamp": "03/07/2026 06:06:03 PM", "level": "INFO", "logger": "root", "message": "Emby websocket message: Sessions | playstate=Free | sessions=3"}
{"timestamp": "03/07/2026 06:06:03 PM", "level": "WARNING", "logger": "home_cinema_control.network.http", "message": "HTTP response failed | client=emby | method=GET | url=http://172.16.10.102:8096/emby/Devices? | status=403 | request={'headers': {'Accept-encoding': 'gzip', 'Accept-Charset': 'UTF-8,*', 'X-Emby-Authorization': '***', 'X-Emby-Token': 'bfa91ff436c34c9b970f477258c38cdb'}, 'timeout': (5, 8)} | body=User kodi does not have access to ManageServer feature."}
{"timestamp": "03/07/2026 06:06:03 PM", "level": "ERROR", "logger": "root", "message": "Error loading Emby control devices\nTraceback (most recent call last):\n  File \"/opt/venv/lib/python3.14/site-packages/requests/models.py\", line 1116, in json\n    return complexjson.loads(self.text, **kwargs)\n           ~~~~~~~~~~~~~~~~~^^^^^^^^^^^^^^^^^^^^^\n  File \"/usr/local/lib/python3.14/json/__init__.py\", line 352, in loads\n    return _default_decoder.decode(s)\n           ~~~~~~~~~~~~~~~~~~~~~~~^^^\n  File \"/usr/local/lib/python3.14/json/decoder.py\", line 345, in decode\n    obj, end = self.raw_decode(s, idx=_w(s, 0).end())\n               ~~~~~~~~~~~~~~~^^^^^^^^^^^^^^^^^^^^^^^\n  File \"/usr/local/lib/python3.14/json/decoder.py\", line 363, in raw_decode\n    raise JSONDecodeError(\"Expecting value\", s, err.value) from None\njson.decoder.JSONDecodeError: Expecting value: line 1 column 1 (char 0)\n\nDuring handling of the above exception, another exception occurred:\n\nTraceback (most recent call last):\n  File \"/opt/venv/lib/python3.14/site-packages/home_cinema_control/media_servers/emby/web_config.py\", line 44, in load_devices\n    devices = client.get_devices()\n  File \"/opt/venv/lib/python3.14/site-packages/home_cinema_control/media_servers/emby/client.py\", line 154, in get_devices\n    return self.get_json(\"/emby/Devices?\")\n           ~~~~~~~~~~~~~^^^^^^^^^^^^^^^^^^\n  File \"/opt/venv/lib/python3.14/site-packages/home_cinema_control/media_servers/emby/client.py\", line 183, in get_json\n    return response.json()\n           ~~~~~~~~~~~~~^^\n  File \"/opt/venv/lib/python3.14/site-packages/requests/models.py\", line 1120, in json\n    raise RequestsJSONDecodeError(e.msg, e.doc, e.pos)\nrequests.exceptions.JSONDecodeError: Expecting value: line 1 column 1 (char 0)"}
{"timestamp": "03/07/2026 06:06:05 PM", "level": "WARNING", "logger": "home_cinema_control.network.http", "message": "HTTP response failed | client=emby | method=GET | url=http://172.16.10.102:8096/emby/Devices? | status=403 | request={'headers': {'Accept-encoding': 'gzip', 'Accept-Charset': 'UTF-8,*', 'X-Emby-Authorization': '***', 'X-Emby-Token': 'bfa91ff436c34c9b970f477258c38cdb'}, 'timeout': (5, 8)} | body=User kodi does not have access to ManageServer feature."}
{"timestamp": "03/07/2026 06:06:05 PM", "level": "ERROR", "logger": "root", "message": "Error loading Emby control devices\nTraceback (most recent call last):\n  File \"/opt/venv/lib/python3.14/site-packages/requests/models.py\", line 1116, in json\n    return complexjson.loads(self.text, **kwargs)\n           ~~~~~~~~~~~~~~~~~^^^^^^^^^^^^^^^^^^^^^\n  File \"/usr/local/lib/python3.14/json/__init__.py\", line 352, in loads\n    return _default_decoder.decode(s)\n           ~~~~~~~~~~~~~~~~~~~~~~~^^^\n  File \"/usr/local/lib/python3.14/json/decoder.py\", line 345, in decode\n    obj, end = self.raw_decode(s, idx=_w(s, 0).end())\n               ~~~~~~~~~~~~~~~^^^^^^^^^^^^^^^^^^^^^^^\n  File \"/usr/local/lib/python3.14/json/decoder.py\", line 363, in raw_decode\n    raise JSONDecodeError(\"Expecting value\", s, err.value) from None\njson.decoder.JSONDecodeError: Expecting value: line 1 column 1 (char 0)\n\nDuring handling of the above exception, another exception occurred:\n\nTraceback (most recent call last):\n  File \"/opt/venv/lib/python3.14/site-packages/home_cinema_control/media_servers/emby/web_config.py\", line 44, in load_devices\n    devices = client.get_devices()\n  File \"/opt/venv/lib/python3.14/site-packages/home_cinema_control/media_servers/emby/client.py\", line 154, in get_devices\n    return self.get_json(\"/emby/Devices?\")\n           ~~~~~~~~~~~~~^^^^^^^^^^^^^^^^^^\n  File \"/opt/venv/lib/python3.14/site-packages/home_cinema_control/media_servers/emby/client.py\", line 183, in get_json\n    return response.json()\n           ~~~~~~~~~~~~~^^\n  File \"/opt/venv/lib/python3.14/site-packages/requests/models.py\", line 1120, in json\n    raise RequestsJSONDecodeError(e.msg, e.doc, e.pos)\nrequests.exceptions.JSONDecodeError: Expecting value: line 1 column 1 (char 0)"}
{"timestamp": "03/07/2026 06:06:22 PM", "level": "WARNING", "logger": "home_cinema_control.network.http", "message": "HTTP response failed | client=emby | method=GET | url=http://172.16.10.102:8096/emby/Devices? | status=403 | request={'headers': {'Accept-encoding': 'gzip', 'Accept-Charset': 'UTF-8,*', 'X-Emby-Authorization': '***', 'X-Emby-Token': 'bfa91ff436c34c9b970f477258c38cdb'}, 'timeout': (5, 8)} | body=User kodi does not have access to ManageServer feature."}
{"timestamp": "03/07/2026 06:06:22 PM", "level": "ERROR", "logger": "root", "message": "Error loading Emby control devices\nTraceback (most recent call last):\n  File \"/opt/venv/lib/python3.14/site-packages/requests/models.py\", line 1116, in json\n    return complexjson.loads(self.text, **kwargs)\n           ~~~~~~~~~~~~~~~~~^^^^^^^^^^^^^^^^^^^^^\n  File \"/usr/local/lib/python3.14/json/__init__.py\", line 352, in loads\n    return _default_decoder.decode(s)\n           ~~~~~~~~~~~~~~~~~~~~~~~^^^\n  File \"/usr/local/lib/python3.14/json/decoder.py\", line 345, in decode\n    obj, end = self.raw_decode(s, idx=_w(s, 0).end())\n               ~~~~~~~~~~~~~~~^^^^^^^^^^^^^^^^^^^^^^^\n  File \"/usr/local/lib/python3.14/json/decoder.py\", line 363, in raw_decode\n    raise JSONDecodeError(\"Expecting value\", s, err.value) from None\njson.decoder.JSONDecodeError: Expecting value: line 1 column 1 (char 0)\n\nDuring handling of the above exception, another exception occurred:\n\nTraceback (most recent call last):\n  File \"/opt/venv/lib/python3.14/site-packages/home_cinema_control/media_servers/emby/web_config.py\", line 44, in load_devices\n    devices = client.get_devices()\n  File \"/opt/venv/lib/python3.14/site-packages/home_cinema_control/media_servers/emby/client.py\", line 154, in get_devices\n    return self.get_json(\"/emby/Devices?\")\n           ~~~~~~~~~~~~~^^^^^^^^^^^^^^^^^^\n  File \"/opt/venv/lib/python3.14/site-packages/home_cinema_control/media_servers/emby/client.py\", line 183, in get_json\n    return response.json()\n           ~~~~~~~~~~~~~^^\n  File \"/opt/venv/lib/python3.14/site-packages/requests/models.py\", line 1120, in json\n    raise RequestsJSONDecodeError(e.msg, e.doc, e.pos)\nrequests.exceptions.JSONDecodeError: Expecting value: line 1 column 1 (char 0)"}
{"timestamp": "03/07/2026 06:08:33 PM", "level": "INFO", "logger": "root", "message": "Emby websocket message: Sessions | playstate=Free | sessions=3"}
{"timestamp": "03/07/2026 06:08:33 PM", "level": "INFO", "logger": "root", "message": "Emby websocket message: Sessions | playstate=Free | sessions=3"}
{"timestamp": "03/07/2026 06:09:18 PM", "level": "INFO", "logger": "root", "message": "Emby websocket message: Sessions | playstate=Free | sessions=3"}
{"timestamp": "03/07/2026 06:10:02 PM", "level": "WARNING", "logger": "root", "message": "Invalid path test configuration: INVALID PATH CONFIG: player_path must include server and folder. | payload={'name': 'Peliculas actuales', 'source_path': '\\\\\\\\172.16.10.211\\\\libreria\\\\libreria\\\\Peliculas', 'player_path': '/NAS11', 'protocol': 'nfs', 'verified': False}"}
{"timestamp": "03/07/2026 06:11:17 PM", "level": "INFO", "logger": "root", "message": "OPPO SMB mount failed on first attempt (id_error); retrying after brief wait (OPPO state warm-up)."}
{"timestamp": "03/07/2026 06:11:19 PM", "level": "INFO", "logger": "root", "message": "OPPO mount response | server=NAS11 | folder=libreria | response={\"success\":false,\"retInfo\":\"id_error\"}"}
{"timestamp": "03/07/2026 06:11:19 PM", "level": "WARNING", "logger": "root", "message": "paths_navigate failed | path=/NAS11/libreria | error=Mount failed: id_error"}
{"timestamp": "03/07/2026 06:11:38 PM", "level": "INFO", "logger": "root", "message": "OPPO SMB mount failed on first attempt (id_error); retrying after brief wait (OPPO state warm-up)."}
{"timestamp": "03/07/2026 06:11:40 PM", "level": "INFO", "logger": "root", "message": "OPPO mount response | server=NAS11 | folder=libreria/libreria | response={\"success\":false,\"retInfo\":\"id_error\"}"}
{"timestamp": "03/07/2026 06:11:40 PM", "level": "WARNING", "logger": "root", "message": "OPPO mount path test failed | server=NAS11 | folder=libreria/libreria | stage=mount | detail=id_error"}
{"timestamp": "03/07/2026 06:12:54 PM", "level": "INFO", "logger": "root", "message": "OPPO SMB mount failed on first attempt (id_error); retrying after brief wait (OPPO state warm-up)."}
{"timestamp": "03/07/2026 06:12:56 PM", "level": "INFO", "logger": "root", "message": "OPPO mount response | server=NAS11 | folder=libreria | response={\"success\":false,\"retInfo\":\"id_error\"}"}
{"timestamp": "03/07/2026 06:12:56 PM", "level": "WARNING", "logger": "root", "message": "paths_navigate failed | path=/NAS11/libreria | error=Mount failed: id_error"}
{"timestamp": "03/07/2026 06:13:08 PM", "level": "INFO", "logger": "root", "message": "OPPO pre_mount_smb enabled; priming SMB session before real mount | server=NAS11 | folder=libreria"}
{"timestamp": "03/07/2026 06:13:08 PM", "level": "INFO", "logger": "root", "message": "primed samba mount: NAS11/comics"}
{"timestamp": "03/07/2026 06:13:08 PM", "level": "INFO", "logger": "root", "message": "OPPO SMB mount failed on first attempt (id_error); retrying after brief wait (OPPO state warm-up)."}
{"timestamp": "03/07/2026 06:13:10 PM", "level": "INFO", "logger": "root", "message": "OPPO mount response | server=NAS11 | folder=libreria | response={\"success\":false,\"retInfo\":\"id_error\"}"}
{"timestamp": "03/07/2026 06:13:10 PM", "level": "WARNING", "logger": "root", "message": "OPPO mount path test failed | server=NAS11 | folder=libreria | stage=mount | detail=id_error"}
{"timestamp": "03/07/2026 06:14:51 PM", "level": "INFO", "logger": "root", "message": "Emby websocket message: Sessions | playstate=Free | sessions=3"}
{"timestamp": "03/07/2026 06:15:00 PM", "level": "INFO", "logger": "root", "message": "OPPO pre_mount_smb enabled; priming SMB session before real mount | server=NAS11 | folder=libreria"}
{"timestamp": "03/07/2026 06:15:00 PM", "level": "INFO", "logger": "root", "message": "primed samba mount: NAS11/comics"}
{"timestamp": "03/07/2026 06:15:00 PM", "level": "INFO", "logger": "root", "message": "OPPO SMB mount failed on first attempt (id_error); retrying after brief wait (OPPO state warm-up)."}
{"timestamp": "03/07/2026 06:15:02 PM", "level": "INFO", "logger": "root", "message": "OPPO mount response | server=NAS11 | folder=libreria | response={\"success\":false,\"retInfo\":\"id_error\"}"}
{"timestamp": "03/07/2026 06:15:02 PM", "level": "WARNING", "logger": "root", "message": "OPPO mount path test failed | server=NAS11 | folder=libreria | stage=mount | detail=id_error"}
{"timestamp": "03/07/2026 06:17:16 PM", "level": "WARNING", "logger": "home_cinema_control.network.http", "message": "HTTP response failed | client=emby | method=GET | url=http://172.16.10.102:8096/emby/Devices? | status=403 | request={'headers': {'Accept-encoding': 'gzip', 'Accept-Charset': 'UTF-8,*', 'X-Emby-Authorization': '***', 'X-Emby-Token': 'bfa91ff436c34c9b970f477258c38cdb'}, 'timeout': (5, 8)} | body=User kodi does not have access to ManageServer feature."}
{"timestamp": "03/07/2026 06:17:16 PM", "level": "ERROR", "logger": "root", "message": "Error loading Emby control devices\nTraceback (most recent call last):\n  File \"/opt/venv/lib/python3.14/site-packages/requests/models.py\", line 1116, in json\n    return complexjson.loads(self.text, **kwargs)\n           ~~~~~~~~~~~~~~~~~^^^^^^^^^^^^^^^^^^^^^\n  File \"/usr/local/lib/python3.14/json/__init__.py\", line 352, in loads\n    return _default_decoder.decode(s)\n           ~~~~~~~~~~~~~~~~~~~~~~~^^^\n  File \"/usr/local/lib/python3.14/json/decoder.py\", line 345, in decode\n    obj, end = self.raw_decode(s, idx=_w(s, 0).end())\n               ~~~~~~~~~~~~~~~^^^^^^^^^^^^^^^^^^^^^^^\n  File \"/usr/local/lib/python3.14/json/decoder.py\", line 363, in raw_decode\n    raise JSONDecodeError(\"Expecting value\", s, err.value) from None\njson.decoder.JSONDecodeError: Expecting value: line 1 column 1 (char 0)\n\nDuring handling of the above exception, another exception occurred:\n\nTraceback (most recent call last):\n  File \"/opt/venv/lib/python3.14/site-packages/home_cinema_control/media_servers/emby/web_config.py\", line 44, in load_devices\n    devices = client.get_devices()\n  File \"/opt/venv/lib/python3.14/site-packages/home_cinema_control/media_servers/emby/client.py\", line 154, in get_devices\n    return self.get_json(\"/emby/Devices?\")\n           ~~~~~~~~~~~~~^^^^^^^^^^^^^^^^^^\n  File \"/opt/venv/lib/python3.14/site-packages/home_cinema_control/media_servers/emby/client.py\", line 183, in get_json\n    return response.json()\n           ~~~~~~~~~~~~~^^\n  File \"/opt/venv/lib/python3.14/site-packages/requests/models.py\", line 1120, in json\n    raise RequestsJSONDecodeError(e.msg, e.doc, e.pos)\nrequests.exceptions.JSONDecodeError: Expecting value: line 1 column 1 (char 0)"}
{"timestamp": "03/07/2026 06:17:16 PM", "level": "INFO", "logger": "root", "message": "Emby websocket message: Sessions | playstate=Free | sessions=3"}
{"timestamp": "03/07/2026 06:17:33 PM", "level": "WARNING", "logger": "home_cinema_control.network.http", "message": "HTTP response failed | client=emby | method=GET | url=http://172.16.10.102:8096/emby/Devices? | status=403 | request={'headers': {'Accept-encoding': 'gzip', 'Accept-Charset': 'UTF-8,*', 'X-Emby-Authorization': '***', 'X-Emby-Token': 'bfa91ff436c34c9b970f477258c38cdb'}, 'timeout': (5, 8)} | body=User kodi does not have access to ManageServer feature."}
{"timestamp": "03/07/2026 06:17:33 PM", "level": "ERROR", "logger": "root", "message": "Error loading Emby control devices\nTraceback (most recent call last):\n  File \"/opt/venv/lib/python3.14/site-packages/requests/models.py\", line 1116, in json\n    return complexjson.loads(self.text, **kwargs)\n           ~~~~~~~~~~~~~~~~~^^^^^^^^^^^^^^^^^^^^^\n  File \"/usr/local/lib/python3.14/json/__init__.py\", line 352, in loads\n    return _default_decoder.decode(s)\n           ~~~~~~~~~~~~~~~~~~~~~~~^^^\n  File \"/usr/local/lib/python3.14/json/decoder.py\", line 345, in decode\n    obj, end = self.raw_decode(s, idx=_w(s, 0).end())\n               ~~~~~~~~~~~~~~~^^^^^^^^^^^^^^^^^^^^^^^\n  File \"/usr/local/lib/python3.14/json/decoder.py\", line 363, in raw_decode\n    raise JSONDecodeError(\"Expecting value\", s, err.value) from None\njson.decoder.JSONDecodeError: Expecting value: line 1 column 1 (char 0)\n\nDuring handling of the above exception, another exception occurred:\n\nTraceback (most recent call last):\n  File \"/opt/venv/lib/python3.14/site-packages/home_cinema_control/media_servers/emby/web_config.py\", line 44, in load_devices\n    devices = client.get_devices()\n  File \"/opt/venv/lib/python3.14/site-packages/home_cinema_control/media_servers/emby/client.py\", line 154, in get_devices\n    return self.get_json(\"/emby/Devices?\")\n           ~~~~~~~~~~~~~^^^^^^^^^^^^^^^^^^\n  File \"/opt/venv/lib/python3.14/site-packages/home_cinema_control/media_servers/emby/client.py\", line 183, in get_json\n    return response.json()\n           ~~~~~~~~~~~~~^^\n  File \"/opt/venv/lib/python3.14/site-packages/requests/models.py\", line 1120, in json\n    raise RequestsJSONDecodeError(e.msg, e.doc, e.pos)\nrequests.exceptions.JSONDecodeError: Expecting value: line 1 column 1 (char 0)"}
{"timestamp": "03/07/2026 06:18:37 PM", "level": "INFO", "logger": "root", "message": "Emby websocket stop"}
{"timestamp": "03/07/2026 06:18:37 PM", "level": "INFO", "logger": "root", "message": "Emby WebSocket connection closed | status=None | msg=None"}
{"timestamp": "03/07/2026 06:18:37 PM", "level": "INFO", "logger": "root", "message": "Emby session monitor reset on reconnect"}
{"timestamp": "03/07/2026 06:18:37 PM", "level": "INFO", "logger": "root", "message": "Emby WebSocket client stopped"}
{"timestamp": "03/07/2026 06:18:37 PM", "level": "INFO", "logger": "root", "message": "Playback listener thread: finished"}
{"timestamp": "03/07/2026 06:18:37 PM", "level": "INFO", "logger": "root", "message": "Emby websocket init"}
{"timestamp": "03/07/2026 06:18:37 PM", "level": "INFO", "logger": "root", "message": "Playback listener thread: starting"}
{"timestamp": "03/07/2026 06:18:37 PM", "level": "INFO", "logger": "root", "message": "EmbySession started"}
{"timestamp": "03/07/2026 06:18:37 PM", "level": "INFO", "logger": "root", "message": "Emby WebSocket client initialized"}
{"timestamp": "03/07/2026 06:18:37 PM", "level": "INFO", "logger": "root", "message": "Emby WebSocket connection opened"}
{"timestamp": "03/07/2026 06:18:37 PM", "level": "INFO", "logger": "root", "message": "Emby session monitor reset on reconnect"}
{"timestamp": "03/07/2026 06:18:37 PM", "level": "INFO", "logger": "root", "message": "Emby websocket message: Sessions | playstate=Free | sessions=8"}
{"timestamp": "03/07/2026 06:18:40 PM", "level": "INFO", "logger": "root", "message": "Emby websocket message: Sessions | playstate=Free | sessions=8"}
{"timestamp": "03/07/2026 06:18:54 PM", "level": "INFO", "logger": "root", "message": "Emby websocket message: Sessions | playstate=Free | sessions=8"}
{"timestamp": "03/07/2026 06:19:59 PM", "level": "INFO", "logger": "root", "message": "Emby websocket message: Sessions | playstate=Free | sessions=8"}
{"timestamp": "03/07/2026 06:20:14 PM", "level": "INFO", "logger": "root", "message": "Emby websocket message: Sessions | playstate=Free | sessions=8"}
{"timestamp": "03/07/2026 06:20:25 PM", "level": "INFO", "logger": "root", "message": "Emby websocket message: Sessions | playstate=Free | sessions=8"}
{"timestamp": "03/07/2026 06:20:36 PM", "level": "INFO", "logger": "root", "message": "Emby websocket message: Sessions | playstate=Free | sessions=8"}
{"timestamp": "03/07/2026 06:20:41 PM", "level": "INFO", "logger": "root", "message": "Emby websocket message: Sessions | playstate=Free | sessions=8"}
{"timestamp": "03/07/2026 06:20:41 PM", "level": "INFO", "logger": "root", "message": "Emby websocket stop"}
{"timestamp": "03/07/2026 06:20:51 PM", "level": "INFO", "logger": "root", "message": "Emby websocket init"}
{"timestamp": "03/07/2026 06:20:51 PM", "level": "INFO", "logger": "root", "message": "Playback listener thread: starting"}
{"timestamp": "03/07/2026 06:20:51 PM", "level": "INFO", "logger": "root", "message": "EmbySession started"}
{"timestamp": "03/07/2026 06:20:51 PM", "level": "INFO", "logger": "root", "message": "Emby WebSocket client initialized"}
{"timestamp": "03/07/2026 06:20:51 PM", "level": "INFO", "logger": "root", "message": "Emby WebSocket connection closed | status=None | msg=None"}
{"timestamp": "03/07/2026 06:20:51 PM", "level": "INFO", "logger": "root", "message": "Emby session monitor reset on reconnect"}
{"timestamp": "03/07/2026 06:20:51 PM", "level": "INFO", "logger": "root", "message": "Emby WebSocket client stopped"}
{"timestamp": "03/07/2026 06:20:51 PM", "level": "INFO", "logger": "root", "message": "Playback listener thread: finished"}
{"timestamp": "03/07/2026 06:20:51 PM", "level": "INFO", "logger": "root", "message": "Emby WebSocket connection opened"}
{"timestamp": "03/07/2026 06:20:51 PM", "level": "INFO", "logger": "root", "message": "Emby session monitor reset on reconnect"}
{"timestamp": "03/07/2026 06:20:51 PM", "level": "INFO", "logger": "root", "message": "Emby websocket message: Sessions | playstate=Free | sessions=8"}
{"timestamp": "03/07/2026 06:21:20 PM", "level": "INFO", "logger": "root", "message": "Emby websocket message: Sessions | playstate=Free | sessions=8"}
{"timestamp": "03/07/2026 06:21:49 PM", "level": "INFO", "logger": "root", "message": "OPPO pre_mount_smb enabled; priming SMB session before real mount | server=NAS11 | folder=libreria"}
{"timestamp": "03/07/2026 06:21:49 PM", "level": "INFO", "logger": "root", "message": "primed samba mount: NAS11/comics"}
{"timestamp": "03/07/2026 06:21:49 PM", "level": "INFO", "logger": "root", "message": "OPPO SMB mount failed on first attempt (id_error); retrying after brief wait (OPPO state warm-up)."}
{"timestamp": "03/07/2026 06:21:51 PM", "level": "INFO", "logger": "root", "message": "OPPO mount response | server=NAS11 | folder=libreria | response={\"success\":false,\"retInfo\":\"id_error\"}"}
{"timestamp": "03/07/2026 06:21:51 PM", "level": "WARNING", "logger": "root", "message": "OPPO mount path test failed | server=NAS11 | folder=libreria | stage=mount | detail=id_error"}
{"timestamp": "03/07/2026 06:30:52 PM", "level": "INFO", "logger": "root", "message": "Emby websocket message: Sessions | playstate=Free | sessions=8"}
{"timestamp": "03/07/2026 06:31:35 PM", "level": "INFO", "logger": "root", "message": "OPPO pre_mount_smb enabled; priming SMB session before real mount | server=NAS11 | folder=libreria"}
{"timestamp": "03/07/2026 06:31:35 PM", "level": "INFO", "logger": "root", "message": "primed samba mount: NAS11/comics"}
{"timestamp": "03/07/2026 06:31:35 PM", "level": "INFO", "logger": "root", "message": "OPPO SMB mount failed on first attempt (id_error); retrying after brief wait (OPPO state warm-up)."}
{"timestamp": "03/07/2026 06:31:37 PM", "level": "INFO", "logger": "root", "message": "OPPO mount response | server=NAS11 | folder=libreria | response={\"success\":false,\"retInfo\":\"id_error\"}"}
{"timestamp": "03/07/2026 06:31:37 PM", "level": "WARNING", "logger": "root", "message": "paths_navigate failed | path=/NAS11/libreria | error=Mount failed: id_error"}
{"timestamp": "03/07/2026 06:42:32 PM", "level": "INFO", "logger": "root", "message": "Emby websocket message: Sessions | playstate=Free | sessions=8"}
